2020-03-11 14:24:59,468 INFO o.a.j.u.JMeterUtils: Setting Locale to en_EN
2020-03-11 14:24:59,488 INFO o.a.j.JMeter: Loading user properties from: user.properties
2020-03-11 14:24:59,489 INFO o.a.j.JMeter: Loading system properties from: system.properties
2020-03-11 14:24:59,494 INFO o.a.j.JMeter: Copyright (c) 1998-2019 The Apache Software Foundation
2020-03-11 14:24:59,495 INFO o.a.j.JMeter: Version 5.1.1 r1855137
2020-03-11 14:24:59,495 INFO o.a.j.JMeter: java.version=11.0.6
2020-03-11 14:24:59,495 INFO o.a.j.JMeter: java.vm.name=OpenJDK 64-Bit Server VM
2020-03-11 14:24:59,495 INFO o.a.j.JMeter: os.name=Linux
2020-03-11 14:24:59,495 INFO o.a.j.JMeter: os.arch=amd64
2020-03-11 14:24:59,495 INFO o.a.j.JMeter: os.version=5.5.4-1-default
2020-03-11 14:24:59,495 INFO o.a.j.JMeter: file.encoding=UTF-8
2020-03-11 14:24:59,495 INFO o.a.j.JMeter: java.awt.headless=null
2020-03-11 14:24:59,496 INFO o.a.j.JMeter: Max memory     =1073741824
2020-03-11 14:24:59,496 INFO o.a.j.JMeter: Available Processors =8
2020-03-11 14:24:59,506 INFO o.a.j.JMeter: Default Locale=English (EN)
2020-03-11 14:24:59,507 INFO o.a.j.JMeter: JMeter  Locale=English (EN)
2020-03-11 14:24:59,507 INFO o.a.j.JMeter: JMeterHome=/home/joto2kk_suse/Software/jmeter
2020-03-11 14:24:59,507 INFO o.a.j.JMeter: user.dir  =/home/joto2kk_suse/Software/jmeter/bin
2020-03-11 14:24:59,507 INFO o.a.j.JMeter: PWD       =/home/joto2kk_suse/Software/jmeter/bin
2020-03-11 14:24:59,692 ERROR o.a.j.u.JMeterUtils: Unable to get local host IP address.
java.net.UnknownHostException: linux-adr6: linux-adr6: Name or service not known
	at java.net.InetAddress.getLocalHost(InetAddress.java:1642) ~[?:?]
	at org.apache.jmeter.util.JMeterUtils.getLocalHostDetails(JMeterUtils.java:1098) [ApacheJMeter_core.jar:5.1.1 r1855137]
	at org.apache.jmeter.util.JMeterUtils.getLocalHostIP(JMeterUtils.java:1064) [ApacheJMeter_core.jar:5.1.1 r1855137]
	at org.apache.jmeter.JMeter.start(JMeter.java:487) [ApacheJMeter_core.jar:5.1.1 r1855137]
	at jdk.internal.reflect.NativeMethodAccessorImpl.invoke0(Native Method) ~[?:?]
	at jdk.internal.reflect.NativeMethodAccessorImpl.invoke(NativeMethodAccessorImpl.java:62) ~[?:?]
	at jdk.internal.reflect.DelegatingMethodAccessorImpl.invoke(DelegatingMethodAccessorImpl.java:43) ~[?:?]
	at java.lang.reflect.Method.invoke(Method.java:566) ~[?:?]
	at org.apache.jmeter.NewDriver.main(NewDriver.java:253) [ApacheJMeter.jar:5.1.1 r1855137]
Caused by: java.net.UnknownHostException: linux-adr6: Name or service not known
	at java.net.Inet6AddressImpl.lookupAllHostAddr(Native Method) ~[?:?]
	at java.net.InetAddress$PlatformNameService.lookupAllHostAddr(InetAddress.java:929) ~[?:?]
	at java.net.InetAddress.getAddressesFromNameService(InetAddress.java:1515) ~[?:?]
	at java.net.InetAddress$NameServiceAddresses.get(InetAddress.java:848) ~[?:?]
	at java.net.InetAddress.getAllByName0(InetAddress.java:1505) ~[?:?]
	at java.net.InetAddress.getLocalHost(InetAddress.java:1637) ~[?:?]
	... 8 more
2020-03-11 14:24:59,893 ERROR o.a.j.u.JMeterUtils: Unable to get local host IP address.
java.net.UnknownHostException: linux-adr6: linux-adr6: Name or service not known
	at java.net.InetAddress.getLocalHost(InetAddress.java:1642) ~[?:?]
	at org.apache.jmeter.util.JMeterUtils.getLocalHostDetails(JMeterUtils.java:1098) [ApacheJMeter_core.jar:5.1.1 r1855137]
	at org.apache.jmeter.util.JMeterUtils.getLocalHostName(JMeterUtils.java:1077) [ApacheJMeter_core.jar:5.1.1 r1855137]
	at org.apache.jmeter.JMeter.start(JMeter.java:487) [ApacheJMeter_core.jar:5.1.1 r1855137]
	at jdk.internal.reflect.NativeMethodAccessorImpl.invoke0(Native Method) ~[?:?]
	at jdk.internal.reflect.NativeMethodAccessorImpl.invoke(NativeMethodAccessorImpl.java:62) ~[?:?]
	at jdk.internal.reflect.DelegatingMethodAccessorImpl.invoke(DelegatingMethodAccessorImpl.java:43) ~[?:?]
	at java.lang.reflect.Method.invoke(Method.java:566) ~[?:?]
	at org.apache.jmeter.NewDriver.main(NewDriver.java:253) [ApacheJMeter.jar:5.1.1 r1855137]
Caused by: java.net.UnknownHostException: linux-adr6: Name or service not known
	at java.net.Inet6AddressImpl.lookupAllHostAddr(Native Method) ~[?:?]
	at java.net.InetAddress$PlatformNameService.lookupAllHostAddr(InetAddress.java:929) ~[?:?]
	at java.net.InetAddress.getAddressesFromNameService(InetAddress.java:1515) ~[?:?]
	at java.net.InetAddress$NameServiceAddresses.get(InetAddress.java:848) ~[?:?]
	at java.net.InetAddress.getAllByName0(InetAddress.java:1505) ~[?:?]
	at java.net.InetAddress.getLocalHost(InetAddress.java:1637) ~[?:?]
	... 8 more
2020-03-11 14:25:00,078 ERROR o.a.j.u.JMeterUtils: Unable to get local host IP address.
java.net.UnknownHostException: linux-adr6: linux-adr6: Name or service not known
	at java.net.InetAddress.getLocalHost(InetAddress.java:1642) ~[?:?]
	at org.apache.jmeter.util.JMeterUtils.getLocalHostDetails(JMeterUtils.java:1098) [ApacheJMeter_core.jar:5.1.1 r1855137]
	at org.apache.jmeter.util.JMeterUtils.getLocalHostFullName(JMeterUtils.java:1090) [ApacheJMeter_core.jar:5.1.1 r1855137]
	at org.apache.jmeter.JMeter.start(JMeter.java:488) [ApacheJMeter_core.jar:5.1.1 r1855137]
	at jdk.internal.reflect.NativeMethodAccessorImpl.invoke0(Native Method) ~[?:?]
	at jdk.internal.reflect.NativeMethodAccessorImpl.invoke(NativeMethodAccessorImpl.java:62) ~[?:?]
	at jdk.internal.reflect.DelegatingMethodAccessorImpl.invoke(DelegatingMethodAccessorImpl.java:43) ~[?:?]
	at java.lang.reflect.Method.invoke(Method.java:566) ~[?:?]
	at org.apache.jmeter.NewDriver.main(NewDriver.java:253) [ApacheJMeter.jar:5.1.1 r1855137]
Caused by: java.net.UnknownHostException: linux-adr6: Name or service not known
	at java.net.Inet6AddressImpl.lookupAllHostAddr(Native Method) ~[?:?]
	at java.net.InetAddress$PlatformNameService.lookupAllHostAddr(InetAddress.java:929) ~[?:?]
	at java.net.InetAddress.getAddressesFromNameService(InetAddress.java:1515) ~[?:?]
	at java.net.InetAddress$NameServiceAddresses.get(InetAddress.java:848) ~[?:?]
	at java.net.InetAddress.getAllByName0(InetAddress.java:1505) ~[?:?]
	at java.net.InetAddress.getLocalHost(InetAddress.java:1637) ~[?:?]
	... 8 more
2020-03-11 14:25:00,081 INFO o.a.j.JMeter: IP: null Name: null FullName: null
2020-03-11 14:25:00,901 INFO o.a.j.g.a.LookAndFeelCommand: Installing Darcula LAF
2020-03-11 14:25:00,922 INFO o.a.j.g.a.LookAndFeelCommand: Using look and feel: com.bulenkov.darcula.DarculaLaf [Darcula]
2020-03-11 14:25:00,923 INFO o.a.j.JMeter: Setting LAF to: com.bulenkov.darcula.DarculaLaf
2020-03-11 14:25:01,007 INFO o.a.j.JMeter: Loaded icon properties from org/apache/jmeter/images/icon.properties
2020-03-11 14:25:01,565 WARN o.j.r.JARSourceHTTP: Cannot get local host name
java.net.UnknownHostException: linux-adr6: linux-adr6: Name or service not known
	at java.net.InetAddress.getLocalHost(InetAddress.java:1642) ~[?:?]
	at org.jmeterplugins.repository.JARSourceHTTP.getInstallID(JARSourceHTTP.java:316) [jmeter-plugins-manager-1.3.jar:?]
	at org.jmeterplugins.repository.JARSourceHTTP.getRepo(JARSourceHTTP.java:304) [jmeter-plugins-manager-1.3.jar:?]
	at org.jmeterplugins.repository.PluginManager.load(PluginManager.java:71) [jmeter-plugins-manager-1.3.jar:?]
	at org.jmeterplugins.repository.PluginManagerMenuItem$1.run(PluginManagerMenuItem.java:41) [jmeter-plugins-manager-1.3.jar:?]
Caused by: java.net.UnknownHostException: linux-adr6: Name or service not known
	at java.net.Inet6AddressImpl.lookupAllHostAddr(Native Method) ~[?:?]
	at java.net.InetAddress$PlatformNameService.lookupAllHostAddr(InetAddress.java:929) ~[?:?]
	at java.net.InetAddress.getAddressesFromNameService(InetAddress.java:1515) ~[?:?]
	at java.net.InetAddress$NameServiceAddresses.get(InetAddress.java:848) ~[?:?]
	at java.net.InetAddress.getAllByName0(InetAddress.java:1505) ~[?:?]
	at java.net.InetAddress.getLocalHost(InetAddress.java:1637) ~[?:?]
	... 4 more
2020-03-11 14:25:01,575 INFO o.j.r.JARSourceHTTP: Requesting https://jmeter-plugins.org/repo/?installID=linux-7d544af3b42dbdbb16544298eb33e7cd-gui
2020-03-11 14:25:03,247 INFO o.a.j.p.h.s.HTTPSamplerBase: Parser for text/html is org.apache.jmeter.protocol.http.parser.LagartoBasedHtmlParser
2020-03-11 14:25:03,247 INFO o.a.j.p.h.s.HTTPSamplerBase: Parser for application/xhtml+xml is org.apache.jmeter.protocol.http.parser.LagartoBasedHtmlParser
2020-03-11 14:25:03,247 INFO o.a.j.p.h.s.HTTPSamplerBase: Parser for application/xml is org.apache.jmeter.protocol.http.parser.LagartoBasedHtmlParser
2020-03-11 14:25:03,248 INFO o.a.j.p.h.s.HTTPSamplerBase: Parser for text/xml is org.apache.jmeter.protocol.http.parser.LagartoBasedHtmlParser
2020-03-11 14:25:03,248 INFO o.a.j.p.h.s.HTTPSamplerBase: Parser for text/vnd.wap.wml is org.apache.jmeter.protocol.http.parser.RegexpHTMLParser
2020-03-11 14:25:03,248 INFO o.a.j.p.h.s.HTTPSamplerBase: Parser for text/css is org.apache.jmeter.protocol.http.parser.CssParser
2020-03-11 14:25:03,474 INFO o.a.j.e.KeyToolUtils: keytool found at 'keytool'
2020-03-11 14:25:03,475 INFO o.a.j.p.h.p.ProxyControl: HTTP(S) Test Script Recorder SSL Proxy will use keys that support embedded 3rd party resources in file /home/joto2kk_suse/Software/jmeter/bin/proxyserver.jks
2020-03-11 14:25:03,584 INFO o.a.j.s.FileServer: Default base='/home/joto2kk_suse/Software/jmeter/bin'
2020-03-11 14:25:03,821 INFO o.a.j.s.SampleResult: Note: Sample TimeStamps are START times
2020-03-11 14:25:03,821 INFO o.a.j.s.SampleResult: sampleresult.default.encoding is set to ISO-8859-1
2020-03-11 14:25:03,821 INFO o.a.j.s.SampleResult: sampleresult.useNanoTime=true
2020-03-11 14:25:03,821 INFO o.a.j.s.SampleResult: sampleresult.nanoThreadSleep=5000
2020-03-11 14:25:03,842 INFO o.a.j.v.ViewResultsFullVisualizer: Add JavaFX to your Java installation if you want to use renderer: org.apache.jmeter.visualizers.RenderInBrowser
2020-03-11 14:25:03,923 INFO o.j.r.PluginManager: Plugins Status: [jpgc-graphs-basic=2.0, jpgc-casutg=2.9, jpgc-dummy=0.4, jpgc-httpraw=0.1, jpgc-sts=2.4, jpgc-prmctl=0.4, jpgc-plugins-manager=1.3, jpgc-tst=2.5, jmeter-core=5.1.1, jmeter-ftp=5.1.1, jmeter-http=5.1.1, jmeter-jdbc=5.1.1, jmeter-jms=5.1.1, jmeter-junit=5.1.1, jmeter-java=5.1.1, jmeter-ldap=5.1.1, jmeter-mail=5.1.1, jmeter-mongodb=5.1.1, jmeter-native=5.1.1, jmeter-tcp=5.1.1, jmeter-components=5.1.1]
2020-03-11 14:25:04,067 WARN o.j.r.JARSourceHTTP: Cannot get local host name
java.net.UnknownHostException: linux-adr6: linux-adr6: Name or service not known
	at java.net.InetAddress.getLocalHost(InetAddress.java:1642) ~[?:?]
	at org.jmeterplugins.repository.JARSourceHTTP.getInstallID(JARSourceHTTP.java:316) [jmeter-plugins-manager-1.3.jar:?]
	at org.jmeterplugins.repository.JARSourceHTTP.reportStats(JARSourceHTTP.java:435) [jmeter-plugins-manager-1.3.jar:?]
	at org.jmeterplugins.repository.http.StatsReporter.run(StatsReporter.java:24) [jmeter-plugins-manager-1.3.jar:?]
Caused by: java.net.UnknownHostException: linux-adr6: Name or service not known
	at java.net.Inet6AddressImpl.lookupAllHostAddr(Native Method) ~[?:?]
	at java.net.InetAddress$PlatformNameService.lookupAllHostAddr(InetAddress.java:929) ~[?:?]
	at java.net.InetAddress.getAddressesFromNameService(InetAddress.java:1515) ~[?:?]
	at java.net.InetAddress$NameServiceAddresses.get(InetAddress.java:848) ~[?:?]
	at java.net.InetAddress.getAllByName0(InetAddress.java:1505) ~[?:?]
	at java.net.InetAddress.getLocalHost(InetAddress.java:1637) ~[?:?]
	... 3 more
2020-03-11 14:25:05,421 WARN o.j.r.JARSourceHTTP: Cannot get local host name
java.net.UnknownHostException: linux-adr6: linux-adr6: Name or service not known
	at java.net.InetAddress.getLocalHost(InetAddress.java:1642) ~[?:?]
	at org.jmeterplugins.repository.JARSourceHTTP.getInstallID(JARSourceHTTP.java:316) [jmeter-plugins-manager-1.3.jar:?]
	at org.jmeterplugins.repository.JARSourceHTTP.reportStats(JARSourceHTTP.java:452) [jmeter-plugins-manager-1.3.jar:?]
	at org.jmeterplugins.repository.http.StatsReporter.run(StatsReporter.java:24) [jmeter-plugins-manager-1.3.jar:?]
Caused by: java.net.UnknownHostException: linux-adr6: Name or service not known
	at java.net.Inet6AddressImpl.lookupAllHostAddr(Native Method) ~[?:?]
	at java.net.InetAddress$PlatformNameService.lookupAllHostAddr(InetAddress.java:929) ~[?:?]
	at java.net.InetAddress.getAddressesFromNameService(InetAddress.java:1515) ~[?:?]
	at java.net.InetAddress$NameServiceAddresses.get(InetAddress.java:848) ~[?:?]
	at java.net.InetAddress.getAllByName0(InetAddress.java:1505) ~[?:?]
	at java.net.InetAddress.getLocalHost(InetAddress.java:1637) ~[?:?]
	... 3 more
2020-03-11 14:26:07,856 INFO o.a.j.g.a.Load: Loading file: /home/joto2kk_suse/github/docker/jmeter/tests/InsisPerformanceTesting/Application_Motor_ADF_63_10.7.1.0.jmx
2020-03-11 14:26:07,857 INFO o.a.j.s.FileServer: Set new base='/home/joto2kk_suse/github/docker/jmeter/tests/InsisPerformanceTesting'
2020-03-11 14:26:08,074 INFO o.a.j.s.SaveService: Testplan (JMX) version: 2.2. Testlog (JTL) version: 2.2
2020-03-11 14:26:08,080 INFO o.a.j.s.SaveService: Using SaveService properties version 5.0
2020-03-11 14:26:08,084 INFO o.a.j.s.SaveService: Using SaveService properties file encoding UTF-8
2020-03-11 14:26:08,087 INFO o.a.j.s.SaveService: Loading file: /home/joto2kk_suse/github/docker/jmeter/tests/InsisPerformanceTesting/Application_Motor_ADF_63_10.7.1.0.jmx
2020-03-11 14:26:08,326 INFO o.a.j.p.h.c.CookieManager: Settings: Delete null: true Check: true Allow variable: true Save: false Prefix: COOKIE_
2020-03-11 14:26:08,643 INFO o.a.j.v.ViewResultsFullVisualizer: Add JavaFX to your Java installation if you want to use renderer: org.apache.jmeter.visualizers.RenderInBrowser
2020-03-11 14:26:08,701 INFO o.a.j.v.ViewResultsFullVisualizer: Add JavaFX to your Java installation if you want to use renderer: org.apache.jmeter.visualizers.RenderInBrowser
2020-03-11 14:26:08,729 INFO o.a.j.s.FileServer: Set new base='/home/joto2kk_suse/github/docker/jmeter/tests/InsisPerformanceTesting'
